

Started GET "/" for 127.0.0.1 at 2014-05-14 16:31:50 -0500

Gem::LoadError (Specified 'sqlite3' for database adapter, but the gem is not loaded. Add `gem 'sqlite3'` to your Gemfile.):
  activerecord (4.0.0) lib/active_record/connection_adapters/connection_specification.rb:58:in `rescue in resolve_hash_connection'
  activerecord (4.0.0) lib/active_record/connection_adapters/connection_specification.rb:55:in `resolve_hash_connection'
  activerecord (4.0.0) lib/active_record/connection_adapters/connection_specification.rb:46:in `resolve_string_connection'
  activerecord (4.0.0) lib/active_record/connection_adapters/connection_specification.rb:30:in `spec'
  activerecord (4.0.0) lib/active_record/connection_handling.rb:39:in `establish_connection'
  activerecord (4.0.0) lib/active_record/railtie.rb:175:in `block (2 levels) in <class:Railtie>'
  activesupport (4.0.0) lib/active_support/lazy_load_hooks.rb:38:in `instance_eval'
  activesupport (4.0.0) lib/active_support/lazy_load_hooks.rb:38:in `execute_hook'
  activesupport (4.0.0) lib/active_support/lazy_load_hooks.rb:45:in `block in run_load_hooks'
  activesupport (4.0.0) lib/active_support/lazy_load_hooks.rb:44:in `each'
  activesupport (4.0.0) lib/active_support/lazy_load_hooks.rb:44:in `run_load_hooks'
  activerecord (4.0.0) lib/active_record/base.rb:322:in `<module:ActiveRecord>'
  activerecord (4.0.0) lib/active_record/base.rb:22:in `<top (required)>'
  activerecord (4.0.0) lib/active_record/query_cache.rb:50:in `restore_query_cache_settings'
  activerecord (4.0.0) lib/active_record/query_cache.rb:43:in `rescue in call'
  activerecord (4.0.0) lib/active_record/query_cache.rb:32:in `call'
  activerecord (4.0.0) lib/active_record/connection_adapters/abstract/connection_pool.rb:626:in `call'
  activerecord (4.0.0) lib/active_record/migration.rb:369:in `call'
  actionpack (4.0.0) lib/action_dispatch/middleware/callbacks.rb:29:in `block in call'
  activesupport (4.0.0) lib/active_support/callbacks.rb:373:in `_run__668157394439894413__call__callbacks'
  activesupport (4.0.0) lib/active_support/callbacks.rb:80:in `run_callbacks'
  actionpack (4.0.0) lib/action_dispatch/middleware/callbacks.rb:27:in `call'
  actionpack (4.0.0) lib/action_dispatch/middleware/reloader.rb:64:in `call'
  actionpack (4.0.0) lib/action_dispatch/middleware/remote_ip.rb:76:in `call'
  actionpack (4.0.0) lib/action_dispatch/middleware/debug_exceptions.rb:17:in `call'
  actionpack (4.0.0) lib/action_dispatch/middleware/show_exceptions.rb:30:in `call'
  railties (4.0.0) lib/rails/rack/logger.rb:38:in `call_app'
  railties (4.0.0) lib/rails/rack/logger.rb:21:in `block in call'
  activesupport (4.0.0) lib/active_support/tagged_logging.rb:67:in `block in tagged'
  activesupport (4.0.0) lib/active_support/tagged_logging.rb:25:in `tagged'
  activesupport (4.0.0) lib/active_support/tagged_logging.rb:67:in `tagged'
  railties (4.0.0) lib/rails/rack/logger.rb:21:in `call'
  actionpack (4.0.0) lib/action_dispatch/middleware/request_id.rb:21:in `call'
  rack (1.5.2) lib/rack/methodoverride.rb:21:in `call'
  rack (1.5.2) lib/rack/runtime.rb:17:in `call'
  activesupport (4.0.0) lib/active_support/cache/strategy/local_cache.rb:83:in `call'
  rack (1.5.2) lib/rack/lock.rb:17:in `call'
  actionpack (4.0.0) lib/action_dispatch/middleware/static.rb:64:in `call'
  railties (4.0.0) lib/rails/engine.rb:511:in `call'
  railties (4.0.0) lib/rails/application.rb:97:in `call'
  puma (2.8.2) lib/puma/rack_patch.rb:13:in `call'
  puma (2.8.2) lib/puma/configuration.rb:71:in `call'
  puma (2.8.2) lib/puma/server.rb:490:in `handle_request'
  puma (2.8.2) lib/puma/server.rb:361:in `process_client'
  puma (2.8.2) lib/puma/server.rb:254:in `block in run'
  puma (2.8.2) lib/puma/thread_pool.rb:92:in `call'
  puma (2.8.2) lib/puma/thread_pool.rb:92:in `block in spawn_thread'


  Rendered /Users/A626540/.rvm/gems/ruby-2.0.0-p247/gems/actionpack-4.0.0/lib/action_dispatch/middleware/templates/rescues/_source.erb (0.5ms)
  Rendered /Users/A626540/.rvm/gems/ruby-2.0.0-p247/gems/actionpack-4.0.0/lib/action_dispatch/middleware/templates/rescues/_trace.erb (1.0ms)
  Rendered /Users/A626540/.rvm/gems/ruby-2.0.0-p247/gems/actionpack-4.0.0/lib/action_dispatch/middleware/templates/rescues/_request_and_response.erb (0.8ms)
  Rendered /Users/A626540/.rvm/gems/ruby-2.0.0-p247/gems/actionpack-4.0.0/lib/action_dispatch/middleware/templates/rescues/diagnostics.erb within rescues/layout (17.9ms)


Started GET "/" for 127.0.0.1 at 2014-05-14 16:32:35 -0500

ActiveRecord::AdapterNotSpecified (database configuration does not specify adapter):
  activerecord (4.0.0) lib/active_record/connection_adapters/connection_specification.rb:52:in `resolve_hash_connection'
  activerecord (4.0.0) lib/active_record/connection_adapters/connection_specification.rb:46:in `resolve_string_connection'
  activerecord (4.0.0) lib/active_record/connection_adapters/connection_specification.rb:30:in `spec'
  activerecord (4.0.0) lib/active_record/connection_handling.rb:39:in `establish_connection'
  activerecord (4.0.0) lib/active_record/railtie.rb:175:in `block (2 levels) in <class:Railtie>'
  activesupport (4.0.0) lib/active_support/lazy_load_hooks.rb:38:in `instance_eval'
  activesupport (4.0.0) lib/active_support/lazy_load_hooks.rb:38:in `execute_hook'
  activesupport (4.0.0) lib/active_support/lazy_load_hooks.rb:45:in `block in run_load_hooks'
  activesupport (4.0.0) lib/active_support/lazy_load_hooks.rb:44:in `each'
  activesupport (4.0.0) lib/active_support/lazy_load_hooks.rb:44:in `run_load_hooks'
  activerecord (4.0.0) lib/active_record/base.rb:322:in `<module:ActiveRecord>'
  activerecord (4.0.0) lib/active_record/base.rb:22:in `<top (required)>'
  activerecord (4.0.0) lib/active_record/connection_adapters/abstract/connection_pool.rb:633:in `rescue in call'
  activerecord (4.0.0) lib/active_record/connection_adapters/abstract/connection_pool.rb:624:in `call'
  activerecord (4.0.0) lib/active_record/migration.rb:369:in `call'
  actionpack (4.0.0) lib/action_dispatch/middleware/callbacks.rb:29:in `block in call'
  activesupport (4.0.0) lib/active_support/callbacks.rb:373:in `_run__465582424773817906__call__callbacks'
  activesupport (4.0.0) lib/active_support/callbacks.rb:80:in `run_callbacks'
  actionpack (4.0.0) lib/action_dispatch/middleware/callbacks.rb:27:in `call'
  actionpack (4.0.0) lib/action_dispatch/middleware/reloader.rb:64:in `call'
  actionpack (4.0.0) lib/action_dispatch/middleware/remote_ip.rb:76:in `call'
  actionpack (4.0.0) lib/action_dispatch/middleware/debug_exceptions.rb:17:in `call'
  actionpack (4.0.0) lib/action_dispatch/middleware/show_exceptions.rb:30:in `call'
  railties (4.0.0) lib/rails/rack/logger.rb:38:in `call_app'
  railties (4.0.0) lib/rails/rack/logger.rb:21:in `block in call'
  activesupport (4.0.0) lib/active_support/tagged_logging.rb:67:in `block in tagged'
  activesupport (4.0.0) lib/active_support/tagged_logging.rb:25:in `tagged'
  activesupport (4.0.0) lib/active_support/tagged_logging.rb:67:in `tagged'
  railties (4.0.0) lib/rails/rack/logger.rb:21:in `call'
  actionpack (4.0.0) lib/action_dispatch/middleware/request_id.rb:21:in `call'
  rack (1.5.2) lib/rack/methodoverride.rb:21:in `call'
  rack (1.5.2) lib/rack/runtime.rb:17:in `call'
  activesupport (4.0.0) lib/active_support/cache/strategy/local_cache.rb:83:in `call'
  rack (1.5.2) lib/rack/lock.rb:17:in `call'
  actionpack (4.0.0) lib/action_dispatch/middleware/static.rb:64:in `call'
  railties (4.0.0) lib/rails/engine.rb:511:in `call'
  railties (4.0.0) lib/rails/application.rb:97:in `call'
  puma (2.8.2) lib/puma/rack_patch.rb:13:in `call'
  puma (2.8.2) lib/puma/configuration.rb:71:in `call'
  puma (2.8.2) lib/puma/server.rb:490:in `handle_request'
  puma (2.8.2) lib/puma/server.rb:361:in `process_client'
  puma (2.8.2) lib/puma/server.rb:254:in `block in run'
  puma (2.8.2) lib/puma/thread_pool.rb:92:in `call'
  puma (2.8.2) lib/puma/thread_pool.rb:92:in `block in spawn_thread'


  Rendered /Users/A626540/.rvm/gems/ruby-2.0.0-p247/gems/actionpack-4.0.0/lib/action_dispatch/middleware/templates/rescues/_source.erb (1.1ms)
  Rendered /Users/A626540/.rvm/gems/ruby-2.0.0-p247/gems/actionpack-4.0.0/lib/action_dispatch/middleware/templates/rescues/_trace.erb (1.2ms)
  Rendered /Users/A626540/.rvm/gems/ruby-2.0.0-p247/gems/actionpack-4.0.0/lib/action_dispatch/middleware/templates/rescues/_request_and_response.erb (0.8ms)
  Rendered /Users/A626540/.rvm/gems/ruby-2.0.0-p247/gems/actionpack-4.0.0/lib/action_dispatch/middleware/templates/rescues/diagnostics.erb within rescues/layout (16.9ms)


Started GET "/" for 127.0.0.1 at 2014-05-14 16:33:22 -0500

LoadError (Could not load 'active_record/connection_adapters/pg_adapter'. Make sure that the adapter in config/database.yml is valid. If you use an adapter other than 'mysql', 'mysql2', 'postgresql' or 'sqlite3' add the necessary adapter gem to the Gemfile.):
  activesupport (4.0.0) lib/active_support/dependencies.rb:228:in `require'
  activesupport (4.0.0) lib/active_support/dependencies.rb:228:in `block in require'
  activesupport (4.0.0) lib/active_support/dependencies.rb:213:in `load_dependency'
  activesupport (4.0.0) lib/active_support/dependencies.rb:228:in `require'
  activerecord (4.0.0) lib/active_record/connection_adapters/connection_specification.rb:56:in `resolve_hash_connection'
  activerecord (4.0.0) lib/active_record/connection_adapters/connection_specification.rb:46:in `resolve_string_connection'
  activerecord (4.0.0) lib/active_record/connection_adapters/connection_specification.rb:30:in `spec'
  activerecord (4.0.0) lib/active_record/connection_handling.rb:39:in `establish_connection'
  activerecord (4.0.0) lib/active_record/railtie.rb:175:in `block (2 levels) in <class:Railtie>'
  activesupport (4.0.0) lib/active_support/lazy_load_hooks.rb:38:in `instance_eval'
  activesupport (4.0.0) lib/active_support/lazy_load_hooks.rb:38:in `execute_hook'
  activesupport (4.0.0) lib/active_support/lazy_load_hooks.rb:45:in `block in run_load_hooks'
  activesupport (4.0.0) lib/active_support/lazy_load_hooks.rb:44:in `each'
  activesupport (4.0.0) lib/active_support/lazy_load_hooks.rb:44:in `run_load_hooks'
  activerecord (4.0.0) lib/active_record/base.rb:322:in `<module:ActiveRecord>'
  activerecord (4.0.0) lib/active_record/base.rb:22:in `<top (required)>'
  activerecord (4.0.0) lib/active_record/query_cache.rb:50:in `restore_query_cache_settings'
  activerecord (4.0.0) lib/active_record/query_cache.rb:43:in `rescue in call'
  activerecord (4.0.0) lib/active_record/query_cache.rb:32:in `call'
  activerecord (4.0.0) lib/active_record/connection_adapters/abstract/connection_pool.rb:626:in `call'
  activerecord (4.0.0) lib/active_record/migration.rb:369:in `call'
  actionpack (4.0.0) lib/action_dispatch/middleware/callbacks.rb:29:in `block in call'
  activesupport (4.0.0) lib/active_support/callbacks.rb:373:in `_run__257429245400069780__call__callbacks'
  activesupport (4.0.0) lib/active_support/callbacks.rb:80:in `run_callbacks'
  actionpack (4.0.0) lib/action_dispatch/middleware/callbacks.rb:27:in `call'
  actionpack (4.0.0) lib/action_dispatch/middleware/reloader.rb:64:in `call'
  actionpack (4.0.0) lib/action_dispatch/middleware/remote_ip.rb:76:in `call'
  actionpack (4.0.0) lib/action_dispatch/middleware/debug_exceptions.rb:17:in `call'
  actionpack (4.0.0) lib/action_dispatch/middleware/show_exceptions.rb:30:in `call'
  railties (4.0.0) lib/rails/rack/logger.rb:38:in `call_app'
  railties (4.0.0) lib/rails/rack/logger.rb:21:in `block in call'
  activesupport (4.0.0) lib/active_support/tagged_logging.rb:67:in `block in tagged'
  activesupport (4.0.0) lib/active_support/tagged_logging.rb:25:in `tagged'
  activesupport (4.0.0) lib/active_support/tagged_logging.rb:67:in `tagged'
  railties (4.0.0) lib/rails/rack/logger.rb:21:in `call'
  actionpack (4.0.0) lib/action_dispatch/middleware/request_id.rb:21:in `call'
  rack (1.5.2) lib/rack/methodoverride.rb:21:in `call'
  rack (1.5.2) lib/rack/runtime.rb:17:in `call'
  activesupport (4.0.0) lib/active_support/cache/strategy/local_cache.rb:83:in `call'
  rack (1.5.2) lib/rack/lock.rb:17:in `call'
  actionpack (4.0.0) lib/action_dispatch/middleware/static.rb:64:in `call'
  railties (4.0.0) lib/rails/engine.rb:511:in `call'
  railties (4.0.0) lib/rails/application.rb:97:in `call'
  puma (2.8.2) lib/puma/rack_patch.rb:13:in `call'
  puma (2.8.2) lib/puma/configuration.rb:71:in `call'
  puma (2.8.2) lib/puma/server.rb:490:in `handle_request'
  puma (2.8.2) lib/puma/server.rb:361:in `process_client'
  puma (2.8.2) lib/puma/server.rb:254:in `block in run'
  puma (2.8.2) lib/puma/thread_pool.rb:92:in `call'
  puma (2.8.2) lib/puma/thread_pool.rb:92:in `block in spawn_thread'


  Rendered /Users/A626540/.rvm/gems/ruby-2.0.0-p247/gems/actionpack-4.0.0/lib/action_dispatch/middleware/templates/rescues/_source.erb (0.5ms)
  Rendered /Users/A626540/.rvm/gems/ruby-2.0.0-p247/gems/actionpack-4.0.0/lib/action_dispatch/middleware/templates/rescues/_trace.erb (0.8ms)
  Rendered /Users/A626540/.rvm/gems/ruby-2.0.0-p247/gems/actionpack-4.0.0/lib/action_dispatch/middleware/templates/rescues/_request_and_response.erb (0.7ms)
  Rendered /Users/A626540/.rvm/gems/ruby-2.0.0-p247/gems/actionpack-4.0.0/lib/action_dispatch/middleware/templates/rescues/diagnostics.erb within rescues/layout (12.8ms)


Started GET "/" for 127.0.0.1 at 2014-05-14 16:34:44 -0500
Processing by Rails::WelcomeController#index as HTML
  Rendered /Users/A626540/.rvm/gems/ruby-2.0.0-p247/gems/railties-4.0.0/lib/rails/templates/rails/welcome/index.html.erb (1.2ms)
Completed 200 OK in 21ms (Views: 6.2ms | ActiveRecord: 0.0ms)


Started GET "/" for 127.0.0.1 at 2014-05-14 16:35:10 -0500

ActionController::RoutingError (uninitialized constant CallingsController):
  activesupport (4.0.0) lib/active_support/inflector/methods.rb:226:in `const_get'
  activesupport (4.0.0) lib/active_support/inflector/methods.rb:226:in `block in constantize'
  activesupport (4.0.0) lib/active_support/inflector/methods.rb:224:in `each'
  activesupport (4.0.0) lib/active_support/inflector/methods.rb:224:in `inject'
  activesupport (4.0.0) lib/active_support/inflector/methods.rb:224:in `constantize'
  actionpack (4.0.0) lib/action_dispatch/routing/route_set.rb:76:in `controller_reference'
  actionpack (4.0.0) lib/action_dispatch/routing/route_set.rb:66:in `controller'
  actionpack (4.0.0) lib/action_dispatch/routing/route_set.rb:44:in `call'
  actionpack (4.0.0) lib/action_dispatch/journey/router.rb:71:in `block in call'
  actionpack (4.0.0) lib/action_dispatch/journey/router.rb:59:in `each'
  actionpack (4.0.0) lib/action_dispatch/journey/router.rb:59:in `call'
  actionpack (4.0.0) lib/action_dispatch/routing/route_set.rb:655:in `call'
  rack (1.5.2) lib/rack/etag.rb:23:in `call'
  rack (1.5.2) lib/rack/conditionalget.rb:25:in `call'
  rack (1.5.2) lib/rack/head.rb:11:in `call'
  actionpack (4.0.0) lib/action_dispatch/middleware/params_parser.rb:27:in `call'
  actionpack (4.0.0) lib/action_dispatch/middleware/flash.rb:241:in `call'
  rack (1.5.2) lib/rack/session/abstract/id.rb:225:in `context'
  rack (1.5.2) lib/rack/session/abstract/id.rb:220:in `call'
  actionpack (4.0.0) lib/action_dispatch/middleware/cookies.rb:486:in `call'
  activerecord (4.0.0) lib/active_record/query_cache.rb:36:in `call'
  activerecord (4.0.0) lib/active_record/connection_adapters/abstract/connection_pool.rb:626:in `call'
  activerecord (4.0.0) lib/active_record/migration.rb:369:in `call'
  actionpack (4.0.0) lib/action_dispatch/middleware/callbacks.rb:29:in `block in call'
  activesupport (4.0.0) lib/active_support/callbacks.rb:373:in `_run__2568630998021147580__call__callbacks'
  activesupport (4.0.0) lib/active_support/callbacks.rb:80:in `run_callbacks'
  actionpack (4.0.0) lib/action_dispatch/middleware/callbacks.rb:27:in `call'
  actionpack (4.0.0) lib/action_dispatch/middleware/reloader.rb:64:in `call'
  actionpack (4.0.0) lib/action_dispatch/middleware/remote_ip.rb:76:in `call'
  actionpack (4.0.0) lib/action_dispatch/middleware/debug_exceptions.rb:17:in `call'
  actionpack (4.0.0) lib/action_dispatch/middleware/show_exceptions.rb:30:in `call'
  railties (4.0.0) lib/rails/rack/logger.rb:38:in `call_app'
  railties (4.0.0) lib/rails/rack/logger.rb:21:in `block in call'
  activesupport (4.0.0) lib/active_support/tagged_logging.rb:67:in `block in tagged'
  activesupport (4.0.0) lib/active_support/tagged_logging.rb:25:in `tagged'
  activesupport (4.0.0) lib/active_support/tagged_logging.rb:67:in `tagged'
  railties (4.0.0) lib/rails/rack/logger.rb:21:in `call'
  actionpack (4.0.0) lib/action_dispatch/middleware/request_id.rb:21:in `call'
  rack (1.5.2) lib/rack/methodoverride.rb:21:in `call'
  rack (1.5.2) lib/rack/runtime.rb:17:in `call'
  activesupport (4.0.0) lib/active_support/cache/strategy/local_cache.rb:83:in `call'
  rack (1.5.2) lib/rack/lock.rb:17:in `call'
  actionpack (4.0.0) lib/action_dispatch/middleware/static.rb:64:in `call'
  railties (4.0.0) lib/rails/engine.rb:511:in `call'
  railties (4.0.0) lib/rails/application.rb:97:in `call'
  puma (2.8.2) lib/puma/rack_patch.rb:13:in `call'
  puma (2.8.2) lib/puma/configuration.rb:71:in `call'
  puma (2.8.2) lib/puma/server.rb:490:in `handle_request'
  puma (2.8.2) lib/puma/server.rb:361:in `process_client'
  puma (2.8.2) lib/puma/server.rb:254:in `block in run'
  puma (2.8.2) lib/puma/thread_pool.rb:92:in `call'
  puma (2.8.2) lib/puma/thread_pool.rb:92:in `block in spawn_thread'


  Rendered /Users/A626540/.rvm/gems/ruby-2.0.0-p247/gems/actionpack-4.0.0/lib/action_dispatch/middleware/templates/rescues/_trace.erb (1.2ms)
  Rendered /Users/A626540/.rvm/gems/ruby-2.0.0-p247/gems/actionpack-4.0.0/lib/action_dispatch/middleware/templates/routes/_route.html.erb (0.6ms)
  Rendered /Users/A626540/.rvm/gems/ruby-2.0.0-p247/gems/actionpack-4.0.0/lib/action_dispatch/middleware/templates/routes/_table.html.erb (5.5ms)
  Rendered /Users/A626540/.rvm/gems/ruby-2.0.0-p247/gems/actionpack-4.0.0/lib/action_dispatch/middleware/templates/rescues/routing_error.erb within rescues/layout (25.4ms)


Started GET "/" for 127.0.0.1 at 2014-05-14 16:35:23 -0500
Processing by CallingsController#index as HTML
Completed 500 Internal Server Error in 17ms

ActionView::MissingTemplate (Missing template callings/index, application/index with {:locale=>[:en], :formats=>[:html], :handlers=>[:erb, :builder, :raw, :ruby, :jbuilder, :coffee]}. Searched in:
  * "/Users/A626540/src/callings/app/views"
):
  actionpack (4.0.0) lib/action_view/path_set.rb:46:in `find'
  actionpack (4.0.0) lib/action_view/lookup_context.rb:115:in `find'
  actionpack (4.0.0) lib/action_view/renderer/abstract_renderer.rb:18:in `find_template'
  actionpack (4.0.0) lib/action_view/renderer/template_renderer.rb:35:in `determine_template'
  actionpack (4.0.0) lib/action_view/renderer/template_renderer.rb:8:in `render'
  actionpack (4.0.0) lib/action_view/renderer/renderer.rb:42:in `render_template'
  actionpack (4.0.0) lib/action_view/renderer/renderer.rb:23:in `render'
  actionpack (4.0.0) lib/abstract_controller/rendering.rb:127:in `_render_template'
  actionpack (4.0.0) lib/action_controller/metal/streaming.rb:219:in `_render_template'
  actionpack (4.0.0) lib/abstract_controller/rendering.rb:120:in `render_to_body'
  actionpack (4.0.0) lib/action_controller/metal/rendering.rb:33:in `render_to_body'
  actionpack (4.0.0) lib/action_controller/metal/renderers.rb:26:in `render_to_body'
  actionpack (4.0.0) lib/abstract_controller/rendering.rb:97:in `render'
  actionpack (4.0.0) lib/action_controller/metal/rendering.rb:16:in `render'
  actionpack (4.0.0) lib/action_controller/metal/instrumentation.rb:41:in `block (2 levels) in render'
  activesupport (4.0.0) lib/active_support/core_ext/benchmark.rb:12:in `block in ms'
  /Users/A626540/.rvm/rubies/ruby-2.0.0-p247/lib/ruby/2.0.0/benchmark.rb:296:in `realtime'
  activesupport (4.0.0) lib/active_support/core_ext/benchmark.rb:12:in `ms'
  actionpack (4.0.0) lib/action_controller/metal/instrumentation.rb:41:in `block in render'
  actionpack (4.0.0) lib/action_controller/metal/instrumentation.rb:84:in `cleanup_view_runtime'
  activerecord (4.0.0) lib/active_record/railties/controller_runtime.rb:25:in `cleanup_view_runtime'
  actionpack (4.0.0) lib/action_controller/metal/instrumentation.rb:40:in `render'
  actionpack (4.0.0) lib/action_controller/metal/implicit_render.rb:10:in `default_render'
  actionpack (4.0.0) lib/action_controller/metal/implicit_render.rb:5:in `send_action'
  actionpack (4.0.0) lib/abstract_controller/base.rb:189:in `process_action'
  actionpack (4.0.0) lib/action_controller/metal/rendering.rb:10:in `process_action'
  actionpack (4.0.0) lib/abstract_controller/callbacks.rb:18:in `block in process_action'
  activesupport (4.0.0) lib/active_support/callbacks.rb:403:in `_run__1557248619378742621__process_action__callbacks'
  activesupport (4.0.0) lib/active_support/callbacks.rb:80:in `run_callbacks'
  actionpack (4.0.0) lib/abstract_controller/callbacks.rb:17:in `process_action'
  actionpack (4.0.0) lib/action_controller/metal/rescue.rb:29:in `process_action'
  actionpack (4.0.0) lib/action_controller/metal/instrumentation.rb:31:in `block in process_action'
  activesupport (4.0.0) lib/active_support/notifications.rb:159:in `block in instrument'
  activesupport (4.0.0) lib/active_support/notifications/instrumenter.rb:20:in `instrument'
  activesupport (4.0.0) lib/active_support/notifications.rb:159:in `instrument'
  actionpack (4.0.0) lib/action_controller/metal/instrumentation.rb:30:in `process_action'
  actionpack (4.0.0) lib/action_controller/metal/params_wrapper.rb:245:in `process_action'
  activerecord (4.0.0) lib/active_record/railties/controller_runtime.rb:18:in `process_action'
  actionpack (4.0.0) lib/abstract_controller/base.rb:136:in `process'
  actionpack (4.0.0) lib/abstract_controller/rendering.rb:44:in `process'
  actionpack (4.0.0) lib/action_controller/metal.rb:195:in `dispatch'
  actionpack (4.0.0) lib/action_controller/metal/rack_delegation.rb:13:in `dispatch'
  actionpack (4.0.0) lib/action_controller/metal.rb:231:in `block in action'
  actionpack (4.0.0) lib/action_dispatch/routing/route_set.rb:80:in `call'
  actionpack (4.0.0) lib/action_dispatch/routing/route_set.rb:80:in `dispatch'
  actionpack (4.0.0) lib/action_dispatch/routing/route_set.rb:48:in `call'
  actionpack (4.0.0) lib/action_dispatch/journey/router.rb:71:in `block in call'
  actionpack (4.0.0) lib/action_dispatch/journey/router.rb:59:in `each'
  actionpack (4.0.0) lib/action_dispatch/journey/router.rb:59:in `call'
  actionpack (4.0.0) lib/action_dispatch/routing/route_set.rb:655:in `call'
  rack (1.5.2) lib/rack/etag.rb:23:in `call'
  rack (1.5.2) lib/rack/conditionalget.rb:25:in `call'
  rack (1.5.2) lib/rack/head.rb:11:in `call'
  actionpack (4.0.0) lib/action_dispatch/middleware/params_parser.rb:27:in `call'
  actionpack (4.0.0) lib/action_dispatch/middleware/flash.rb:241:in `call'
  rack (1.5.2) lib/rack/session/abstract/id.rb:225:in `context'
  rack (1.5.2) lib/rack/session/abstract/id.rb:220:in `call'
  actionpack (4.0.0) lib/action_dispatch/middleware/cookies.rb:486:in `call'
  activerecord (4.0.0) lib/active_record/query_cache.rb:36:in `call'
  activerecord (4.0.0) lib/active_record/connection_adapters/abstract/connection_pool.rb:626:in `call'
  activerecord (4.0.0) lib/active_record/migration.rb:369:in `call'
  actionpack (4.0.0) lib/action_dispatch/middleware/callbacks.rb:29:in `block in call'
  activesupport (4.0.0) lib/active_support/callbacks.rb:373:in `_run__2568630998021147580__call__callbacks'
  activesupport (4.0.0) lib/active_support/callbacks.rb:80:in `run_callbacks'
  actionpack (4.0.0) lib/action_dispatch/middleware/callbacks.rb:27:in `call'
  actionpack (4.0.0) lib/action_dispatch/middleware/reloader.rb:64:in `call'
  actionpack (4.0.0) lib/action_dispatch/middleware/remote_ip.rb:76:in `call'
  actionpack (4.0.0) lib/action_dispatch/middleware/debug_exceptions.rb:17:in `call'
  actionpack (4.0.0) lib/action_dispatch/middleware/show_exceptions.rb:30:in `call'
  railties (4.0.0) lib/rails/rack/logger.rb:38:in `call_app'
  railties (4.0.0) lib/rails/rack/logger.rb:21:in `block in call'
  activesupport (4.0.0) lib/active_support/tagged_logging.rb:67:in `block in tagged'
  activesupport (4.0.0) lib/active_support/tagged_logging.rb:25:in `tagged'
  activesupport (4.0.0) lib/active_support/tagged_logging.rb:67:in `tagged'
  railties (4.0.0) lib/rails/rack/logger.rb:21:in `call'
  actionpack (4.0.0) lib/action_dispatch/middleware/request_id.rb:21:in `call'
  rack (1.5.2) lib/rack/methodoverride.rb:21:in `call'
  rack (1.5.2) lib/rack/runtime.rb:17:in `call'
  activesupport (4.0.0) lib/active_support/cache/strategy/local_cache.rb:83:in `call'
  rack (1.5.2) lib/rack/lock.rb:17:in `call'
  actionpack (4.0.0) lib/action_dispatch/middleware/static.rb:64:in `call'
  railties (4.0.0) lib/rails/engine.rb:511:in `call'
  railties (4.0.0) lib/rails/application.rb:97:in `call'
  puma (2.8.2) lib/puma/rack_patch.rb:13:in `call'
  puma (2.8.2) lib/puma/configuration.rb:71:in `call'
  puma (2.8.2) lib/puma/server.rb:490:in `handle_request'
  puma (2.8.2) lib/puma/server.rb:361:in `process_client'
  puma (2.8.2) lib/puma/server.rb:254:in `block in run'
  puma (2.8.2) lib/puma/thread_pool.rb:92:in `call'
  puma (2.8.2) lib/puma/thread_pool.rb:92:in `block in spawn_thread'


  Rendered /Users/A626540/.rvm/gems/ruby-2.0.0-p247/gems/actionpack-4.0.0/lib/action_dispatch/middleware/templates/rescues/missing_template.erb within rescues/layout (0.4ms)


Started GET "/" for 127.0.0.1 at 2014-05-14 16:35:47 -0500
Processing by CallingsController#index as HTML
  Rendered callings/index.html.erb within layouts/application (0.3ms)
Completed 200 OK in 392ms (Views: 391.1ms | ActiveRecord: 0.0ms)


Started GET "/assets/application.css?body=1" for 127.0.0.1 at 2014-05-14 16:35:48 -0500


Started GET "/assets/application.js?body=1" for 127.0.0.1 at 2014-05-14 16:35:48 -0500


Started GET "/assets/jquery.js?body=1" for 127.0.0.1 at 2014-05-14 16:35:48 -0500


Started GET "/assets/jquery_ujs.js?body=1" for 127.0.0.1 at 2014-05-14 16:35:48 -0500


Started GET "/assets/turbolinks.js?body=1" for 127.0.0.1 at 2014-05-14 16:35:48 -0500


Started GET "/" for 127.0.0.1 at 2014-05-14 16:36:56 -0500
Processing by CallingsController#index as HTML
  Rendered callings/index.html.erb within layouts/application (0.1ms)
Completed 200 OK in 5ms (Views: 4.0ms | ActiveRecord: 0.0ms)


Started GET "/assets/application.css?body=1" for 127.0.0.1 at 2014-05-14 16:36:56 -0500


Started GET "/assets/jquery.js?body=1" for 127.0.0.1 at 2014-05-14 16:36:56 -0500


Started GET "/assets/turbolinks.js?body=1" for 127.0.0.1 at 2014-05-14 16:36:56 -0500


Started GET "/assets/jquery_ujs.js?body=1" for 127.0.0.1 at 2014-05-14 16:36:56 -0500


Started GET "/assets/application.js?body=1" for 127.0.0.1 at 2014-05-14 16:36:56 -0500


Started GET "/" for 127.0.0.1 at 2014-05-14 16:37:36 -0500
Processing by CallingsController#index as HTML
  Rendered callings/index.html.erb within layouts/application (0.4ms)
Completed 200 OK in 6ms (Views: 5.4ms | ActiveRecord: 0.0ms)


Started GET "/assets/application.css?body=1" for 127.0.0.1 at 2014-05-14 16:37:36 -0500


Started GET "/assets/jquery.js?body=1" for 127.0.0.1 at 2014-05-14 16:37:36 -0500


Started GET "/assets/jquery_ujs.js?body=1" for 127.0.0.1 at 2014-05-14 16:37:36 -0500


Started GET "/assets/turbolinks.js?body=1" for 127.0.0.1 at 2014-05-14 16:37:36 -0500


Started GET "/assets/application.js?body=1" for 127.0.0.1 at 2014-05-14 16:37:36 -0500


Started GET "/" for 127.0.0.1 at 2014-05-14 16:39:01 -0500
Processing by CallingsController#index as HTML
  Rendered callings/index.html.erb within layouts/application (0.4ms)
Completed 200 OK in 4ms (Views: 3.6ms | ActiveRecord: 0.0ms)


Started GET "/assets/application.css?body=1" for 127.0.0.1 at 2014-05-14 16:39:01 -0500


Started GET "/assets/jquery.js?body=1" for 127.0.0.1 at 2014-05-14 16:39:01 -0500


Started GET "/assets/jquery_ujs.js?body=1" for 127.0.0.1 at 2014-05-14 16:39:01 -0500


Started GET "/assets/turbolinks.js?body=1" for 127.0.0.1 at 2014-05-14 16:39:01 -0500


Started GET "/assets/application.js?body=1" for 127.0.0.1 at 2014-05-14 16:39:01 -0500


Started GET "/" for 127.0.0.1 at 2014-05-14 16:39:09 -0500
Processing by CallingsController#index as HTML
  Rendered callings/index.html.erb within layouts/application (0.4ms)
Completed 200 OK in 4ms (Views: 3.6ms | ActiveRecord: 0.0ms)


Started GET "/assets/application.css?body=1" for 127.0.0.1 at 2014-05-14 16:39:09 -0500


Started GET "/assets/jquery.js?body=1" for 127.0.0.1 at 2014-05-14 16:39:09 -0500


Started GET "/assets/application.js?body=1" for 127.0.0.1 at 2014-05-14 16:39:09 -0500


Started GET "/assets/turbolinks.js?body=1" for 127.0.0.1 at 2014-05-14 16:39:09 -0500


Started GET "/assets/jquery_ujs.js?body=1" for 127.0.0.1 at 2014-05-14 16:39:09 -0500


Started GET "/" for 127.0.0.1 at 2014-05-14 16:39:27 -0500
Processing by CallingsController#index as HTML
  Rendered callings/index.html.erb within layouts/application (0.4ms)
Completed 200 OK in 5ms (Views: 3.8ms | ActiveRecord: 0.0ms)


Started GET "/assets/application.css?body=1" for 127.0.0.1 at 2014-05-14 16:39:27 -0500


Started GET "/assets/jquery.js?body=1" for 127.0.0.1 at 2014-05-14 16:39:27 -0500


Started GET "/assets/application.js?body=1" for 127.0.0.1 at 2014-05-14 16:39:27 -0500


Started GET "/assets/turbolinks.js?body=1" for 127.0.0.1 at 2014-05-14 16:39:27 -0500


Started GET "/assets/jquery_ujs.js?body=1" for 127.0.0.1 at 2014-05-14 16:39:27 -0500


Started GET "/" for 127.0.0.1 at 2014-05-14 16:40:12 -0500
Processing by CallingsController#index as HTML
  Rendered callings/index.html.erb within layouts/application (0.3ms)
Completed 200 OK in 4ms (Views: 3.6ms | ActiveRecord: 0.0ms)


Started GET "/assets/application.css?body=1" for 127.0.0.1 at 2014-05-14 16:40:12 -0500


Started GET "/assets/jquery.js?body=1" for 127.0.0.1 at 2014-05-14 16:40:12 -0500


Started GET "/assets/jquery_ujs.js?body=1" for 127.0.0.1 at 2014-05-14 16:40:12 -0500


Started GET "/assets/application.js?body=1" for 127.0.0.1 at 2014-05-14 16:40:12 -0500


Started GET "/assets/turbolinks.js?body=1" for 127.0.0.1 at 2014-05-14 16:40:12 -0500


Started GET "/" for 127.0.0.1 at 2014-05-14 16:40:19 -0500
Processing by CallingsController#index as HTML
  Rendered callings/index.html.erb within layouts/application (0.3ms)
Completed 200 OK in 5ms (Views: 3.7ms | ActiveRecord: 0.0ms)


Started GET "/assets/application.css?body=1" for 127.0.0.1 at 2014-05-14 16:40:19 -0500


Started GET "/assets/jquery.js?body=1" for 127.0.0.1 at 2014-05-14 16:40:19 -0500


Started GET "/assets/application.js?body=1" for 127.0.0.1 at 2014-05-14 16:40:19 -0500


Started GET "/assets/turbolinks.js?body=1" for 127.0.0.1 at 2014-05-14 16:40:19 -0500


Started GET "/assets/jquery_ujs.js?body=1" for 127.0.0.1 at 2014-05-14 16:40:19 -0500


Started GET "/" for 127.0.0.1 at 2014-05-14 16:40:39 -0500
Processing by CallingsController#index as HTML
  Rendered callings/index.html.erb within layouts/application (0.4ms)
Completed 200 OK in 5ms (Views: 3.9ms | ActiveRecord: 0.0ms)


Started GET "/assets/application.css?body=1" for 127.0.0.1 at 2014-05-14 16:40:39 -0500


Started GET "/assets/jquery.js?body=1" for 127.0.0.1 at 2014-05-14 16:40:39 -0500


Started GET "/assets/turbolinks.js?body=1" for 127.0.0.1 at 2014-05-14 16:40:39 -0500


Started GET "/assets/application.js?body=1" for 127.0.0.1 at 2014-05-14 16:40:39 -0500


Started GET "/assets/jquery_ujs.js?body=1" for 127.0.0.1 at 2014-05-14 16:40:39 -0500


Started GET "/" for 127.0.0.1 at 2014-05-14 16:45:37 -0500
Processing by CallingsController#index as HTML
  Rendered callings/index.html.erb within layouts/application (0.4ms)
Completed 200 OK in 4ms (Views: 3.7ms | ActiveRecord: 0.0ms)


Started GET "/assets/application.css?body=1" for 127.0.0.1 at 2014-05-14 16:45:37 -0500


Started GET "/assets/jquery.js?body=1" for 127.0.0.1 at 2014-05-14 16:45:37 -0500


Started GET "/assets/jquery_ujs.js?body=1" for 127.0.0.1 at 2014-05-14 16:45:37 -0500


Started GET "/assets/application.js?body=1" for 127.0.0.1 at 2014-05-14 16:45:37 -0500


Started GET "/assets/turbolinks.js?body=1" for 127.0.0.1 at 2014-05-14 16:45:37 -0500


Started GET "/" for 127.0.0.1 at 2014-05-14 16:47:25 -0500
Processing by CallingsController#index as HTML
  Rendered callings/index.html.erb within layouts/application (0.5ms)
Completed 200 OK in 7ms (Views: 5.7ms | ActiveRecord: 0.0ms)


Started GET "/assets/application.css?body=1" for 127.0.0.1 at 2014-05-14 16:47:25 -0500


Started GET "/assets/jquery.js?body=1" for 127.0.0.1 at 2014-05-14 16:47:25 -0500


Started GET "/assets/jquery_ujs.js?body=1" for 127.0.0.1 at 2014-05-14 16:47:25 -0500


Started GET "/assets/turbolinks.js?body=1" for 127.0.0.1 at 2014-05-14 16:47:25 -0500


Started GET "/assets/application.js?body=1" for 127.0.0.1 at 2014-05-14 16:47:25 -0500


Started GET "/" for 127.0.0.1 at 2014-05-14 16:48:21 -0500
Processing by CallingsController#index as HTML
  Rendered callings/index.html.erb within layouts/application (0.4ms)
Completed 200 OK in 4ms (Views: 3.6ms | ActiveRecord: 0.0ms)


Started GET "/assets/jquery.js?body=1" for 127.0.0.1 at 2014-05-14 16:48:21 -0500


Started GET "/assets/application.css?body=1" for 127.0.0.1 at 2014-05-14 16:48:21 -0500


Started GET "/assets/jquery_ujs.js?body=1" for 127.0.0.1 at 2014-05-14 16:48:21 -0500


Started GET "/assets/application.js?body=1" for 127.0.0.1 at 2014-05-14 16:48:21 -0500


Started GET "/assets/turbolinks.js?body=1" for 127.0.0.1 at 2014-05-14 16:48:21 -0500


Started GET "/" for 127.0.0.1 at 2014-05-14 16:48:40 -0500
Processing by CallingsController#index as HTML
  Rendered callings/index.html.erb within layouts/application (0.4ms)
Completed 200 OK in 5ms (Views: 3.9ms | ActiveRecord: 0.0ms)


Started GET "/assets/application.css?body=1" for 127.0.0.1 at 2014-05-14 16:48:40 -0500


Started GET "/assets/jquery.js?body=1" for 127.0.0.1 at 2014-05-14 16:48:41 -0500


Started GET "/assets/application.js?body=1" for 127.0.0.1 at 2014-05-14 16:48:41 -0500


Started GET "/assets/turbolinks.js?body=1" for 127.0.0.1 at 2014-05-14 16:48:41 -0500


Started GET "/assets/jquery_ujs.js?body=1" for 127.0.0.1 at 2014-05-14 16:48:41 -0500


Started GET "/" for 127.0.0.1 at 2014-05-14 16:49:03 -0500
Processing by CallingsController#index as HTML
  Rendered callings/index.html.erb within layouts/application (0.4ms)
Completed 200 OK in 5ms (Views: 3.9ms | ActiveRecord: 0.0ms)


Started GET "/assets/application.css?body=1" for 127.0.0.1 at 2014-05-14 16:49:03 -0500


Started GET "/assets/jquery.js?body=1" for 127.0.0.1 at 2014-05-14 16:49:03 -0500


Started GET "/assets/application.js?body=1" for 127.0.0.1 at 2014-05-14 16:49:03 -0500


Started GET "/assets/jquery_ujs.js?body=1" for 127.0.0.1 at 2014-05-14 16:49:03 -0500


Started GET "/assets/turbolinks.js?body=1" for 127.0.0.1 at 2014-05-14 16:49:03 -0500


Started GET "/" for 127.0.0.1 at 2014-05-14 16:49:08 -0500
Processing by CallingsController#index as HTML
  Rendered callings/index.html.erb within layouts/application (0.0ms)
Completed 200 OK in 3ms (Views: 2.7ms | ActiveRecord: 0.0ms)


Started GET "/assets/application.css?body=1" for 127.0.0.1 at 2014-05-14 16:49:08 -0500


Started GET "/assets/jquery.js?body=1" for 127.0.0.1 at 2014-05-14 16:49:08 -0500


Started GET "/assets/application.js?body=1" for 127.0.0.1 at 2014-05-14 16:49:08 -0500


Started GET "/assets/turbolinks.js?body=1" for 127.0.0.1 at 2014-05-14 16:49:08 -0500


Started GET "/assets/jquery_ujs.js?body=1" for 127.0.0.1 at 2014-05-14 16:49:08 -0500


Started GET "/" for 127.0.0.1 at 2014-05-14 16:49:22 -0500
Processing by CallingsController#index as HTML
  Rendered callings/index.html.erb within layouts/application (0.4ms)
Completed 200 OK in 5ms (Views: 4.0ms | ActiveRecord: 0.0ms)


Started GET "/assets/application.css?body=1" for 127.0.0.1 at 2014-05-14 16:49:22 -0500


Started GET "/assets/jquery.js?body=1" for 127.0.0.1 at 2014-05-14 16:49:22 -0500


Started GET "/assets/turbolinks.js?body=1" for 127.0.0.1 at 2014-05-14 16:49:22 -0500


Started GET "/assets/application.js?body=1" for 127.0.0.1 at 2014-05-14 16:49:22 -0500


Started GET "/assets/jquery_ujs.js?body=1" for 127.0.0.1 at 2014-05-14 16:49:22 -0500


Started GET "/" for 127.0.0.1 at 2014-05-14 16:49:42 -0500
Processing by CallingsController#index as HTML
  Rendered callings/index.html.erb within layouts/application (0.5ms)
Completed 200 OK in 5ms (Views: 4.1ms | ActiveRecord: 0.0ms)


Started GET "/assets/application.css?body=1" for 127.0.0.1 at 2014-05-14 16:49:42 -0500


Started GET "/assets/application.js?body=1" for 127.0.0.1 at 2014-05-14 16:49:42 -0500


Started GET "/assets/jquery.js?body=1" for 127.0.0.1 at 2014-05-14 16:49:42 -0500


Started GET "/assets/jquery_ujs.js?body=1" for 127.0.0.1 at 2014-05-14 16:49:42 -0500


Started GET "/assets/turbolinks.js?body=1" for 127.0.0.1 at 2014-05-14 16:49:42 -0500


Started GET "/" for 127.0.0.1 at 2014-05-14 16:50:23 -0500
Processing by CallingsController#index as HTML
  Rendered callings/index.html.erb within layouts/application (0.4ms)
Completed 200 OK in 5ms (Views: 3.9ms | ActiveRecord: 0.0ms)


Started GET "/assets/application.css?body=1" for 127.0.0.1 at 2014-05-14 16:50:23 -0500


Started GET "/assets/jquery.js?body=1" for 127.0.0.1 at 2014-05-14 16:50:23 -0500


Started GET "/assets/jquery_ujs.js?body=1" for 127.0.0.1 at 2014-05-14 16:50:23 -0500


Started GET "/assets/turbolinks.js?body=1" for 127.0.0.1 at 2014-05-14 16:50:23 -0500


Started GET "/assets/application.js?body=1" for 127.0.0.1 at 2014-05-14 16:50:23 -0500


Started GET "/" for 127.0.0.1 at 2014-05-14 16:50:46 -0500
Processing by CallingsController#index as HTML
  Rendered callings/index.html.erb within layouts/application (0.4ms)
Completed 200 OK in 5ms (Views: 3.8ms | ActiveRecord: 0.0ms)


Started GET "/assets/application.css?body=1" for 127.0.0.1 at 2014-05-14 16:50:46 -0500


Started GET "/assets/jquery.js?body=1" for 127.0.0.1 at 2014-05-14 16:50:46 -0500


Started GET "/assets/jquery_ujs.js?body=1" for 127.0.0.1 at 2014-05-14 16:50:46 -0500


Started GET "/assets/turbolinks.js?body=1" for 127.0.0.1 at 2014-05-14 16:50:46 -0500


Started GET "/assets/application.js?body=1" for 127.0.0.1 at 2014-05-14 16:50:46 -0500


Started GET "/" for 127.0.0.1 at 2014-05-14 16:50:57 -0500
Processing by CallingsController#index as HTML
  Rendered callings/index.html.erb within layouts/application (0.4ms)
Completed 200 OK in 4ms (Views: 3.6ms | ActiveRecord: 0.0ms)


Started GET "/assets/application.css?body=1" for 127.0.0.1 at 2014-05-14 16:50:57 -0500


Started GET "/assets/jquery.js?body=1" for 127.0.0.1 at 2014-05-14 16:50:57 -0500


Started GET "/assets/application.js?body=1" for 127.0.0.1 at 2014-05-14 16:50:57 -0500


Started GET "/assets/turbolinks.js?body=1" for 127.0.0.1 at 2014-05-14 16:50:57 -0500


Started GET "/assets/jquery_ujs.js?body=1" for 127.0.0.1 at 2014-05-14 16:50:57 -0500


Started GET "/" for 127.0.0.1 at 2014-05-14 16:52:26 -0500
Processing by CallingsController#index as HTML
  Rendered callings/index.html.erb within layouts/application (0.4ms)
Completed 200 OK in 4ms (Views: 3.5ms | ActiveRecord: 0.0ms)


Started GET "/assets/application.css?body=1" for 127.0.0.1 at 2014-05-14 16:52:26 -0500


Started GET "/assets/jquery.js?body=1" for 127.0.0.1 at 2014-05-14 16:52:26 -0500


Started GET "/assets/jquery_ujs.js?body=1" for 127.0.0.1 at 2014-05-14 16:52:26 -0500


Started GET "/assets/turbolinks.js?body=1" for 127.0.0.1 at 2014-05-14 16:52:26 -0500


Started GET "/assets/application.js?body=1" for 127.0.0.1 at 2014-05-14 16:52:26 -0500


Started GET "/" for 127.0.0.1 at 2014-05-14 16:53:46 -0500
Processing by CallingsController#index as HTML
  Rendered callings/index.html.erb within layouts/application (0.4ms)
Completed 200 OK in 4ms (Views: 3.6ms | ActiveRecord: 0.0ms)


Started GET "/assets/jquery.js?body=1" for 127.0.0.1 at 2014-05-14 16:53:46 -0500


Started GET "/assets/application.css?body=1" for 127.0.0.1 at 2014-05-14 16:53:46 -0500


Started GET "/assets/jquery_ujs.js?body=1" for 127.0.0.1 at 2014-05-14 16:53:46 -0500


Started GET "/assets/turbolinks.js?body=1" for 127.0.0.1 at 2014-05-14 16:53:46 -0500


Started GET "/assets/application.js?body=1" for 127.0.0.1 at 2014-05-14 16:53:46 -0500


Started GET "/" for 127.0.0.1 at 2014-05-14 16:55:11 -0500
Processing by CallingsController#index as HTML
  Rendered callings/index.html.erb within layouts/application (0.4ms)
Completed 200 OK in 30ms (Views: 3.2ms | ActiveRecord: 0.0ms)


Started GET "/assets/application.css?body=1" for 127.0.0.1 at 2014-05-14 16:55:11 -0500


Started GET "/assets/jquery.js?body=1" for 127.0.0.1 at 2014-05-14 16:55:11 -0500


Started GET "/assets/jquery_ujs.js?body=1" for 127.0.0.1 at 2014-05-14 16:55:11 -0500


Started GET "/assets/turbolinks.js?body=1" for 127.0.0.1 at 2014-05-14 16:55:11 -0500


Started GET "/assets/application.js?body=1" for 127.0.0.1 at 2014-05-14 16:55:11 -0500


Started GET "/" for 127.0.0.1 at 2014-05-14 16:55:30 -0500
Processing by CallingsController#index as HTML
  Rendered callings/index.html.erb within layouts/application (0.4ms)
Completed 200 OK in 4ms (Views: 3.4ms | ActiveRecord: 0.0ms)


Started GET "/assets/application.css?body=1" for 127.0.0.1 at 2014-05-14 16:55:30 -0500


Started GET "/assets/jquery.js?body=1" for 127.0.0.1 at 2014-05-14 16:55:30 -0500


Started GET "/assets/application.js?body=1" for 127.0.0.1 at 2014-05-14 16:55:30 -0500


Started GET "/assets/turbolinks.js?body=1" for 127.0.0.1 at 2014-05-14 16:55:30 -0500


Started GET "/assets/jquery_ujs.js?body=1" for 127.0.0.1 at 2014-05-14 16:55:30 -0500


Started GET "/" for 127.0.0.1 at 2014-05-14 16:56:24 -0500
Processing by CallingsController#index as HTML
  Rendered callings/index.html.erb within layouts/application (0.5ms)
Completed 200 OK in 5ms (Views: 4.0ms | ActiveRecord: 0.0ms)


Started GET "/assets/jquery.js?body=1" for 127.0.0.1 at 2014-05-14 16:56:24 -0500


Started GET "/assets/application.css?body=1" for 127.0.0.1 at 2014-05-14 16:56:24 -0500


Started GET "/assets/jquery_ujs.js?body=1" for 127.0.0.1 at 2014-05-14 16:56:24 -0500


Started GET "/assets/turbolinks.js?body=1" for 127.0.0.1 at 2014-05-14 16:56:24 -0500


Started GET "/assets/application.js?body=1" for 127.0.0.1 at 2014-05-14 16:56:24 -0500


Started GET "/" for 127.0.0.1 at 2014-05-14 16:56:44 -0500
Processing by CallingsController#index as HTML
  Rendered callings/index.html.erb within layouts/application (0.5ms)
Completed 200 OK in 5ms (Views: 4.2ms | ActiveRecord: 0.0ms)


Started GET "/assets/application.css?body=1" for 127.0.0.1 at 2014-05-14 16:56:44 -0500


Started GET "/assets/jquery.js?body=1" for 127.0.0.1 at 2014-05-14 16:56:44 -0500


Started GET "/assets/application.js?body=1" for 127.0.0.1 at 2014-05-14 16:56:44 -0500


Started GET "/assets/turbolinks.js?body=1" for 127.0.0.1 at 2014-05-14 16:56:44 -0500


Started GET "/assets/jquery_ujs.js?body=1" for 127.0.0.1 at 2014-05-14 16:56:44 -0500


Started GET "/" for 127.0.0.1 at 2014-05-14 16:56:49 -0500
Processing by CallingsController#index as HTML
  Rendered callings/index.html.erb within layouts/application (0.4ms)
Completed 200 OK in 4ms (Views: 3.4ms | ActiveRecord: 0.0ms)


Started GET "/assets/application.css?body=1" for 127.0.0.1 at 2014-05-14 16:56:49 -0500


Started GET "/assets/jquery.js?body=1" for 127.0.0.1 at 2014-05-14 16:56:49 -0500


Started GET "/assets/application.js?body=1" for 127.0.0.1 at 2014-05-14 16:56:49 -0500


Started GET "/assets/turbolinks.js?body=1" for 127.0.0.1 at 2014-05-14 16:56:49 -0500


Started GET "/assets/jquery_ujs.js?body=1" for 127.0.0.1 at 2014-05-14 16:56:49 -0500


Started GET "/" for 127.0.0.1 at 2014-05-14 16:56:58 -0500
Processing by CallingsController#index as HTML
  Rendered callings/index.html.erb within layouts/application (0.4ms)
Completed 200 OK in 4ms (Views: 3.3ms | ActiveRecord: 0.0ms)


Started GET "/assets/application.css?body=1" for 127.0.0.1 at 2014-05-14 16:56:58 -0500


Started GET "/assets/turbolinks.js?body=1" for 127.0.0.1 at 2014-05-14 16:56:58 -0500


Started GET "/assets/jquery.js?body=1" for 127.0.0.1 at 2014-05-14 16:56:58 -0500


Started GET "/assets/application.js?body=1" for 127.0.0.1 at 2014-05-14 16:56:58 -0500


Started GET "/assets/jquery_ujs.js?body=1" for 127.0.0.1 at 2014-05-14 16:56:58 -0500


Started GET "/" for 127.0.0.1 at 2014-05-14 16:59:42 -0500
Processing by CallingsController#index as HTML
  Rendered callings/index.html.erb within layouts/application (0.4ms)
Completed 200 OK in 5ms (Views: 4.1ms | ActiveRecord: 0.0ms)


Started GET "/assets/application.css?body=1" for 127.0.0.1 at 2014-05-14 16:59:42 -0500


Started GET "/assets/jquery.js?body=1" for 127.0.0.1 at 2014-05-14 16:59:42 -0500


Started GET "/assets/jquery_ujs.js?body=1" for 127.0.0.1 at 2014-05-14 16:59:42 -0500


Started GET "/assets/turbolinks.js?body=1" for 127.0.0.1 at 2014-05-14 16:59:42 -0500


Started GET "/assets/application.js?body=1" for 127.0.0.1 at 2014-05-14 16:59:42 -0500


Started GET "/" for 127.0.0.1 at 2014-05-14 16:59:44 -0500
Processing by CallingsController#index as HTML
  Rendered callings/index.html.erb within layouts/application (0.1ms)
Completed 200 OK in 4ms (Views: 3.3ms | ActiveRecord: 0.0ms)


Started GET "/assets/application.css?body=1" for 127.0.0.1 at 2014-05-14 16:59:44 -0500


Started GET "/assets/jquery.js?body=1" for 127.0.0.1 at 2014-05-14 16:59:44 -0500


Started GET "/assets/application.js?body=1" for 127.0.0.1 at 2014-05-14 16:59:44 -0500


Started GET "/assets/turbolinks.js?body=1" for 127.0.0.1 at 2014-05-14 16:59:44 -0500


Started GET "/assets/jquery_ujs.js?body=1" for 127.0.0.1 at 2014-05-14 16:59:44 -0500


Started GET "/" for 127.0.0.1 at 2014-05-14 16:59:46 -0500
Processing by CallingsController#index as HTML
  Rendered callings/index.html.erb within layouts/application (0.0ms)
Completed 200 OK in 3ms (Views: 2.8ms | ActiveRecord: 0.0ms)


Started GET "/assets/application.css?body=1" for 127.0.0.1 at 2014-05-14 16:59:46 -0500


Started GET "/assets/jquery.js?body=1" for 127.0.0.1 at 2014-05-14 16:59:46 -0500


Started GET "/assets/application.js?body=1" for 127.0.0.1 at 2014-05-14 16:59:46 -0500


Started GET "/assets/turbolinks.js?body=1" for 127.0.0.1 at 2014-05-14 16:59:46 -0500


Started GET "/assets/jquery_ujs.js?body=1" for 127.0.0.1 at 2014-05-14 16:59:46 -0500


Started GET "/" for 127.0.0.1 at 2014-05-14 16:59:47 -0500
Processing by CallingsController#index as HTML
  Rendered callings/index.html.erb within layouts/application (0.0ms)
Completed 200 OK in 3ms (Views: 2.6ms | ActiveRecord: 0.0ms)


Started GET "/assets/application.css?body=1" for 127.0.0.1 at 2014-05-14 16:59:47 -0500


Started GET "/assets/jquery.js?body=1" for 127.0.0.1 at 2014-05-14 16:59:47 -0500


Started GET "/assets/application.js?body=1" for 127.0.0.1 at 2014-05-14 16:59:47 -0500


Started GET "/assets/turbolinks.js?body=1" for 127.0.0.1 at 2014-05-14 16:59:47 -0500


Started GET "/assets/jquery_ujs.js?body=1" for 127.0.0.1 at 2014-05-14 16:59:47 -0500


Started GET "/" for 127.0.0.1 at 2014-05-14 16:59:56 -0500
Processing by CallingsController#index as HTML
  Rendered callings/index.html.erb within layouts/application (0.5ms)
Completed 200 OK in 5ms (Views: 4.2ms | ActiveRecord: 0.0ms)


Started GET "/assets/jquery.js?body=1" for 127.0.0.1 at 2014-05-14 16:59:56 -0500


Started GET "/assets/application.css?body=1" for 127.0.0.1 at 2014-05-14 16:59:56 -0500


Started GET "/assets/turbolinks.js?body=1" for 127.0.0.1 at 2014-05-14 16:59:56 -0500


Started GET "/assets/jquery_ujs.js?body=1" for 127.0.0.1 at 2014-05-14 16:59:56 -0500


Started GET "/assets/application.js?body=1" for 127.0.0.1 at 2014-05-14 16:59:56 -0500


Started GET "/" for 127.0.0.1 at 2014-05-14 17:00:13 -0500
Processing by CallingsController#index as HTML
  Rendered callings/index.html.erb within layouts/application (0.4ms)
Completed 200 OK in 5ms (Views: 3.7ms | ActiveRecord: 0.0ms)


Started GET "/assets/application.css?body=1" for 127.0.0.1 at 2014-05-14 17:00:13 -0500


Started GET "/assets/jquery.js?body=1" for 127.0.0.1 at 2014-05-14 17:00:13 -0500


Started GET "/assets/application.js?body=1" for 127.0.0.1 at 2014-05-14 17:00:13 -0500


Started GET "/assets/turbolinks.js?body=1" for 127.0.0.1 at 2014-05-14 17:00:13 -0500


Started GET "/assets/jquery_ujs.js?body=1" for 127.0.0.1 at 2014-05-14 17:00:13 -0500


Started GET "/" for 127.0.0.1 at 2014-05-14 17:00:25 -0500
Processing by CallingsController#index as HTML
  Rendered callings/index.html.erb within layouts/application (0.4ms)
Completed 200 OK in 5ms (Views: 3.8ms | ActiveRecord: 0.0ms)


Started GET "/assets/application.css?body=1" for 127.0.0.1 at 2014-05-14 17:00:25 -0500


Started GET "/assets/application.js?body=1" for 127.0.0.1 at 2014-05-14 17:00:25 -0500


Started GET "/assets/jquery.js?body=1" for 127.0.0.1 at 2014-05-14 17:00:25 -0500


Started GET "/assets/turbolinks.js?body=1" for 127.0.0.1 at 2014-05-14 17:00:25 -0500


Started GET "/assets/jquery_ujs.js?body=1" for 127.0.0.1 at 2014-05-14 17:00:25 -0500


Started GET "/" for 127.0.0.1 at 2014-05-14 17:00:27 -0500
Processing by CallingsController#index as HTML
  Rendered callings/index.html.erb within layouts/application (0.1ms)
Completed 200 OK in 4ms (Views: 3.5ms | ActiveRecord: 0.0ms)


Started GET "/assets/application.css?body=1" for 127.0.0.1 at 2014-05-14 17:00:27 -0500


Started GET "/assets/jquery.js?body=1" for 127.0.0.1 at 2014-05-14 17:00:27 -0500


Started GET "/assets/application.js?body=1" for 127.0.0.1 at 2014-05-14 17:00:27 -0500


Started GET "/assets/turbolinks.js?body=1" for 127.0.0.1 at 2014-05-14 17:00:27 -0500


Started GET "/assets/jquery_ujs.js?body=1" for 127.0.0.1 at 2014-05-14 17:00:27 -0500


Started GET "/" for 127.0.0.1 at 2014-05-14 17:00:28 -0500
Processing by CallingsController#index as HTML
  Rendered callings/index.html.erb within layouts/application (0.1ms)
Completed 200 OK in 4ms (Views: 3.3ms | ActiveRecord: 0.0ms)


Started GET "/assets/application.css?body=1" for 127.0.0.1 at 2014-05-14 17:00:28 -0500


Started GET "/assets/jquery.js?body=1" for 127.0.0.1 at 2014-05-14 17:00:28 -0500


Started GET "/assets/application.js?body=1" for 127.0.0.1 at 2014-05-14 17:00:28 -0500


Started GET "/assets/turbolinks.js?body=1" for 127.0.0.1 at 2014-05-14 17:00:28 -0500


Started GET "/assets/jquery_ujs.js?body=1" for 127.0.0.1 at 2014-05-14 17:00:28 -0500


Started GET "/" for 127.0.0.1 at 2014-05-14 17:00:53 -0500
Processing by CallingsController#index as HTML
  Rendered callings/index.html.erb within layouts/application (0.4ms)
Completed 200 OK in 4ms (Views: 3.6ms | ActiveRecord: 0.0ms)


Started GET "/assets/application.css?body=1" for 127.0.0.1 at 2014-05-14 17:00:53 -0500


Started GET "/assets/jquery.js?body=1" for 127.0.0.1 at 2014-05-14 17:00:53 -0500


Started GET "/assets/turbolinks.js?body=1" for 127.0.0.1 at 2014-05-14 17:00:53 -0500


Started GET "/assets/application.js?body=1" for 127.0.0.1 at 2014-05-14 17:00:53 -0500


Started GET "/assets/jquery_ujs.js?body=1" for 127.0.0.1 at 2014-05-14 17:00:53 -0500


Started GET "/" for 127.0.0.1 at 2014-05-14 17:01:32 -0500
Processing by CallingsController#index as HTML
  Rendered callings/index.html.erb within layouts/application (0.4ms)
Completed 200 OK in 5ms (Views: 3.8ms | ActiveRecord: 0.0ms)


Started GET "/assets/application.css?body=1" for 127.0.0.1 at 2014-05-14 17:01:32 -0500


Started GET "/assets/jquery.js?body=1" for 127.0.0.1 at 2014-05-14 17:01:32 -0500


Started GET "/assets/jquery_ujs.js?body=1" for 127.0.0.1 at 2014-05-14 17:01:32 -0500


Started GET "/assets/turbolinks.js?body=1" for 127.0.0.1 at 2014-05-14 17:01:32 -0500


Started GET "/assets/application.js?body=1" for 127.0.0.1 at 2014-05-14 17:01:32 -0500


Started GET "/" for 127.0.0.1 at 2014-05-14 17:03:38 -0500
Processing by CallingsController#index as HTML
  Rendered callings/index.html.erb within layouts/application (0.5ms)
Completed 200 OK in 5ms (Views: 3.9ms | ActiveRecord: 0.0ms)


Started GET "/assets/application.css?body=1" for 127.0.0.1 at 2014-05-14 17:03:38 -0500


Started GET "/assets/jquery.js?body=1" for 127.0.0.1 at 2014-05-14 17:03:38 -0500


Started GET "/assets/jquery_ujs.js?body=1" for 127.0.0.1 at 2014-05-14 17:03:38 -0500


Started GET "/assets/turbolinks.js?body=1" for 127.0.0.1 at 2014-05-14 17:03:38 -0500


Started GET "/assets/application.js?body=1" for 127.0.0.1 at 2014-05-14 17:03:38 -0500


Started GET "/" for 127.0.0.1 at 2014-05-14 17:03:51 -0500
Processing by CallingsController#index as HTML
  Rendered callings/index.html.erb within layouts/application (0.4ms)
Completed 200 OK in 5ms (Views: 3.8ms | ActiveRecord: 0.0ms)


Started GET "/assets/application.css?body=1" for 127.0.0.1 at 2014-05-14 17:03:51 -0500


Started GET "/assets/jquery.js?body=1" for 127.0.0.1 at 2014-05-14 17:03:51 -0500


Started GET "/assets/application.js?body=1" for 127.0.0.1 at 2014-05-14 17:03:51 -0500


Started GET "/assets/turbolinks.js?body=1" for 127.0.0.1 at 2014-05-14 17:03:51 -0500


Started GET "/assets/jquery_ujs.js?body=1" for 127.0.0.1 at 2014-05-14 17:03:51 -0500


Started GET "/" for 127.0.0.1 at 2014-05-14 17:07:07 -0500
Processing by CallingsController#index as HTML
  Rendered callings/index.html.erb within layouts/application (0.4ms)
Completed 200 OK in 4ms (Views: 3.5ms | ActiveRecord: 0.0ms)


Started GET "/assets/application.css?body=1" for 127.0.0.1 at 2014-05-14 17:07:07 -0500


Started GET "/assets/jquery.js?body=1" for 127.0.0.1 at 2014-05-14 17:07:07 -0500


Started GET "/assets/jquery_ujs.js?body=1" for 127.0.0.1 at 2014-05-14 17:07:07 -0500


Started GET "/assets/turbolinks.js?body=1" for 127.0.0.1 at 2014-05-14 17:07:07 -0500


Started GET "/assets/application.js?body=1" for 127.0.0.1 at 2014-05-14 17:07:07 -0500


Started GET "/" for 127.0.0.1 at 2014-05-14 17:07:21 -0500
Processing by CallingsController#index as HTML
  Rendered callings/index.html.erb within layouts/application (0.5ms)
Completed 200 OK in 5ms (Views: 4.1ms | ActiveRecord: 0.0ms)


Started GET "/assets/application.css?body=1" for 127.0.0.1 at 2014-05-14 17:07:21 -0500


Started GET "/assets/application.js?body=1" for 127.0.0.1 at 2014-05-14 17:07:21 -0500


Started GET "/assets/jquery.js?body=1" for 127.0.0.1 at 2014-05-14 17:07:21 -0500


Started GET "/assets/turbolinks.js?body=1" for 127.0.0.1 at 2014-05-14 17:07:21 -0500


Started GET "/assets/jquery_ujs.js?body=1" for 127.0.0.1 at 2014-05-14 17:07:21 -0500


Started GET "/" for 127.0.0.1 at 2014-05-14 17:07:41 -0500
Processing by CallingsController#index as HTML
  Rendered callings/index.html.erb within layouts/application (0.4ms)
Completed 200 OK in 5ms (Views: 4.0ms | ActiveRecord: 0.0ms)


Started GET "/assets/application.css?body=1" for 127.0.0.1 at 2014-05-14 17:07:41 -0500


Started GET "/assets/jquery.js?body=1" for 127.0.0.1 at 2014-05-14 17:07:41 -0500


Started GET "/assets/application.js?body=1" for 127.0.0.1 at 2014-05-14 17:07:41 -0500


Started GET "/assets/turbolinks.js?body=1" for 127.0.0.1 at 2014-05-14 17:07:41 -0500


Started GET "/assets/jquery_ujs.js?body=1" for 127.0.0.1 at 2014-05-14 17:07:41 -0500


Started GET "/" for 127.0.0.1 at 2014-05-14 17:09:24 -0500
Processing by CallingsController#index as HTML
  Rendered callings/index.html.erb within layouts/application (0.6ms)
Completed 200 OK in 4ms (Views: 3.7ms | ActiveRecord: 0.0ms)


Started GET "/assets/application.css?body=1" for 127.0.0.1 at 2014-05-14 17:09:24 -0500


Started GET "/assets/jquery.js?body=1" for 127.0.0.1 at 2014-05-14 17:09:24 -0500


Started GET "/assets/jquery_ujs.js?body=1" for 127.0.0.1 at 2014-05-14 17:09:24 -0500


Started GET "/assets/application.js?body=1" for 127.0.0.1 at 2014-05-14 17:09:24 -0500


Started GET "/assets/turbolinks.js?body=1" for 127.0.0.1 at 2014-05-14 17:09:24 -0500
